# JRE version: OpenJDK Runtime Environment (17.0.6) (build 17.0.6+0-b2043.56-10027231)
# Java VM: OpenJDK 64-Bit Server VM (17.0.6+0-b2043.56-10027231, mixed mode, tiered, compressed oops, compressed class ptrs, g1 gc, windows-amd64)
GC Precious Log:
 CPUs: 4 total, 4 available
 Memory: 12168M
 Large Page Support: Disabled
 NUMA Support: Disabled
 Compressed Oops: Enabled (32-bit)
 Heap Region Size: 1M
 Heap Min Capacity: 8M
 Heap Initial Capacity: 192M
 Heap Max Capacity: 2G
 Pre-touch: Disabled
 Parallel Workers: 4
 Concurrent Workers: 1
 Concurrent Refinement Workers: 4
 Periodic GC: Disabled
Heap:
 garbage-first heap   total 367616K, used 280057K [0x0000000080000000, 0x0000000100000000)
  region size 1024K, 15 young (15360K), 4 survivors (4096K)
 Metaspace       used 158879K, committed 160000K, reserved 1196032K
  class space    used 20264K, committed 20800K, reserved 1048576K
GC Heap History (20 events):
Event: 644.201 GC heap before
{Heap before GC invocations=186 (full 0):
 garbage-first heap   total 302080K, used 264819K [0x0000000080000000, 0x0000000100000000)
  region size 1024K, 20 young (20480K), 3 survivors (3072K)
 Metaspace       used 148222K, committed 149312K, reserved 1179648K
  class space    used 18663K, committed 19200K, reserved 1048576K
}
Event: 644.207 GC heap after
{Heap after GC invocations=187 (full 0):
 garbage-first heap   total 302080K, used 250568K [0x0000000080000000, 0x0000000100000000)
  region size 1024K, 3 young (3072K), 3 survivors (3072K)
 Metaspace       used 148222K, committed 149312K, reserved 1179648K
  class space    used 18663K, committed 19200K, reserved 1048576K
}
Event: 644.368 GC heap before
{Heap before GC invocations=187 (full 0):
 garbage-first heap   total 302080K, used 263880K [0x0000000080000000, 0x0000000100000000)
  region size 1024K, 17 young (17408K), 3 survivors (3072K)
 Metaspace       used 148240K, committed 149312K, reserved 1179648K
  class space    used 18665K, committed 19200K, reserved 1048576K
}
Event: 644.371 GC heap after
{Heap after GC invocations=188 (full 0):
 garbage-first heap   total 302080K, used 252496K [0x0000000080000000, 0x0000000100000000)
  region size 1024K, 2 young (2048K), 2 survivors (2048K)
 Metaspace       used 148240K, committed 149312K, reserved 1179648K
  class space    used 18665K, committed 19200K, reserved 1048576K
}
Event: 644.473 GC heap before
{Heap before GC invocations=188 (full 0):
 garbage-first heap   total 302080K, used 265808K [0x0000000080000000, 0x0000000100000000)
  region size 1024K, 15 young (15360K), 2 survivors (2048K)
 Metaspace       used 148290K, committed 149312K, reserved 1179648K
  class space    used 18679K, committed 19200K, reserved 1048576K
}
Event: 644.478 GC heap after
{Heap after GC invocations=189 (full 0):
 garbage-first heap   total 302080K, used 254241K [0x0000000080000000, 0x0000000100000000)
  region size 1024K, 2 young (2048K), 2 survivors (2048K)
 Metaspace       used 148290K, committed 149312K, reserved 1179648K
  class space    used 18679K, committed 19200K, reserved 1048576K
}
Event: 644.560 GC heap before
{Heap before GC invocations=189 (full 0):
 garbage-first heap   total 302080K, used 265505K [0x0000000080000000, 0x0000000100000000)
  region size 1024K, 14 young (14336K), 2 survivors (2048K)
 Metaspace       used 148460K, committed 149440K, reserved 1179648K
  class space    used 18711K, committed 19200K, reserved 1048576K
}
Event: 644.562 GC heap after
{Heap after GC invocations=190 (full 0):
 garbage-first heap   total 302080K, used 255109K [0x0000000080000000, 0x0000000100000000)
  region size 1024K, 1 young (1024K), 1 survivors (1024K)
 Metaspace       used 148460K, committed 149440K, reserved 1179648K
  class space    used 18711K, committed 19200K, reserved 1048576K
}
Event: 644.605 GC heap before
{Heap before GC invocations=190 (full 0):
 garbage-first heap   total 302080K, used 267397K [0x0000000080000000, 0x0000000100000000)
  region size 1024K, 14 young (14336K), 1 survivors (1024K)
 Metaspace       used 148482K, committed 149504K, reserved 1179648K
  class space    used 18712K, committed 19200K, reserved 1048576K
}
Event: 644.607 GC heap after
{Heap after GC invocations=191 (full 0):
 garbage-first heap   total 302080K, used 255028K [0x0000000080000000, 0x0000000100000000)
  region size 1024K, 1 young (1024K), 1 survivors (1024K)
 Metaspace       used 148482K, committed 149504K, reserved 1179648K
  class space    used 18712K, committed 19200K, reserved 1048576K
}
Event: 644.645 GC heap before
{Heap before GC invocations=191 (full 0):
 garbage-first heap   total 302080K, used 268340K [0x0000000080000000, 0x0000000100000000)
  region size 1024K, 14 young (14336K), 1 survivors (1024K)
 Metaspace       used 148495K, committed 149504K, reserved 1179648K
  class space    used 18712K, committed 19200K, reserved 1048576K
}
Event: 644.648 GC heap after
{Heap after GC invocations=192 (full 0):
 garbage-first heap   total 367616K, used 255135K [0x0000000080000000, 0x0000000100000000)
  region size 1024K, 1 young (1024K), 1 survivors (1024K)
 Metaspace       used 148495K, committed 149504K, reserved 1179648K
  class space    used 18712K, committed 19200K, reserved 1048576K
}
Event: 646.303 GC heap before
{Heap before GC invocations=192 (full 0):
 garbage-first heap   total 367616K, used 317599K [0x0000000080000000, 0x0000000100000000)
  region size 1024K, 61 young (62464K), 1 survivors (1024K)
 Metaspace       used 148742K, committed 149824K, reserved 1179648K
  class space    used 18747K, committed 19264K, reserved 1048576K
}
Event: 646.309 GC heap after
{Heap after GC invocations=193 (full 0):
 garbage-first heap   total 367616K, used 256738K [0x0000000080000000, 0x0000000100000000)
  region size 1024K, 3 young (3072K), 3 survivors (3072K)
 Metaspace       used 148742K, committed 149824K, reserved 1179648K
  class space    used 18747K, committed 19264K, reserved 1048576K
}
Event: 650.308 GC heap before
{Heap before GC invocations=193 (full 0):
 garbage-first heap   total 367616K, used 317154K [0x0000000080000000, 0x0000000100000000)
  region size 1024K, 63 young (64512K), 3 survivors (3072K)
 Metaspace       used 149420K, committed 150528K, reserved 1187840K
  class space    used 18803K, committed 19328K, reserved 1048576K
}
Event: 650.314 GC heap after
{Heap after GC invocations=194 (full 0):
 garbage-first heap   total 367616K, used 258429K [0x0000000080000000, 0x0000000100000000)
  region size 1024K, 5 young (5120K), 5 survivors (5120K)
 Metaspace       used 149420K, committed 150528K, reserved 1187840K
  class space    used 18803K, committed 19328K, reserved 1048576K
}
Event: 650.882 GC heap before
{Heap before GC invocations=194 (full 0):
 garbage-first heap   total 367616K, used 317821K [0x0000000080000000, 0x0000000100000000)
  region size 1024K, 64 young (65536K), 5 survivors (5120K)
 Metaspace       used 155126K, committed 156160K, reserved 1187840K
  class space    used 19712K, committed 20224K, reserved 1048576K
}
Event: 650.899 GC heap after
{Heap after GC invocations=195 (full 0):
 garbage-first heap   total 367616K, used 266713K [0x0000000080000000, 0x0000000100000000)
  region size 1024K, 8 young (8192K), 8 survivors (8192K)
 Metaspace       used 155126K, committed 156160K, reserved 1187840K
  class space    used 19712K, committed 20224K, reserved 1048576K
}
Event: 651.688 GC heap before
{Heap before GC invocations=195 (full 0):
 garbage-first heap   total 367616K, used 315865K [0x0000000080000000, 0x0000000100000000)
  region size 1024K, 57 young (58368K), 8 survivors (8192K)
 Metaspace       used 158387K, committed 159488K, reserved 1196032K
  class space    used 20215K, committed 20736K, reserved 1048576K
}
Event: 651.699 GC heap after
{Heap after GC invocations=196 (full 0):
 garbage-first heap   total 367616K, used 269817K [0x0000000080000000, 0x0000000100000000)
  region size 1024K, 4 young (4096K), 4 survivors (4096K)
 Metaspace       used 158387K, committed 159488K, reserved 1196032K
  class space    used 20215K, committed 20736K, reserved 1048576K
}

